2018-11-28 14:32:28.467 [main] INFO  com.key.DistributeredisApplication : Starting DistributeredisApplication on PC-HZ20096620 with PID 28512 (D:\project\localproject\distributeredis\target\classes started by tujia in D:\project\localproject\pgsqldemo)
2018-11-28 14:32:28.469 [main] INFO  com.key.DistributeredisApplication : The following profiles are active: dev
2018-11-28 14:32:28.535 [main] INFO  org.springframework.boot.web.servlet.context.AnnotationConfigServletWebServerApplicationContext : Refreshing org.springframework.boot.web.servlet.context.AnnotationConfigServletWebServerApplicationContext@c4ed84: startup date [Wed Nov 28 14:32:28 CST 2018]; root of context hierarchy
2018-11-28 14:32:29.707 [main] INFO  org.springframework.data.repository.config.RepositoryConfigurationDelegate : Multiple Spring Data modules found, entering strict repository configuration mode!
2018-11-28 14:32:30.335 [main] INFO  org.springframework.context.support.PostProcessorRegistrationDelegate$BeanPostProcessorChecker : Bean 'org.springframework.transaction.annotation.ProxyTransactionManagementConfiguration' of type [org.springframework.transaction.annotation.ProxyTransactionManagementConfiguration$$EnhancerBySpringCGLIB$$52f87461] is not eligible for getting processed by all BeanPostProcessors (for example: not eligible for auto-proxying)
2018-11-28 14:32:30.991 [main] INFO  org.springframework.boot.web.embedded.tomcat.TomcatWebServer : Tomcat initialized with port(s): 8080 (http)
2018-11-28 14:32:31.003 [main] INFO  org.apache.coyote.http11.Http11NioProtocol : Initializing ProtocolHandler ["http-nio-127.0.0.1-8080"]
2018-11-28 14:32:31.029 [main] INFO  org.apache.catalina.core.StandardService : Starting service [Tomcat]
2018-11-28 14:32:31.030 [main] INFO  org.apache.catalina.core.StandardEngine : Starting Servlet Engine: Apache Tomcat/8.5.32
2018-11-28 14:32:31.035 [localhost-startStop-1] INFO  org.apache.catalina.core.AprLifecycleListener : The APR based Apache Tomcat Native library which allows optimal performance in production environments was not found on the java.library.path: [D:\software\Java\jdk1.8.0\bin;C:\Windows\Sun\Java\bin;C:\Windows\system32;C:\Windows;D:\software\python27;D:\software\Python27\Scripts;C:\Windows\system32;C:\Windows;C:\Windows\System32\Wbem;C:\Windows\System32\WindowsPowerShell\v1.0\;D:\software\TortoiseSVN\bin;D:\software\apache-maven-3.1.1\bin;D:\software\Java\jdk1.7.0_80\bin;D:\software\Java\jdk1.7.0_80\jre\bin;%TOMCAT_HOME%\bin;D:\software\mysql-5.6.29\bin;D:\software\Redis\;D:\software\Git\cmd;D:\software\protoc\bin;D:\software\PostgreSQL\pg96\bin;.]
2018-11-28 14:32:31.195 [localhost-startStop-1] INFO  org.apache.catalina.core.ContainerBase.[Tomcat].[localhost].[/key] : Initializing Spring embedded WebApplicationContext
2018-11-28 14:32:31.195 [localhost-startStop-1] INFO  org.springframework.web.context.ContextLoader : Root WebApplicationContext: initialization completed in 2660 ms
2018-11-28 14:32:31.304 [localhost-startStop-1] INFO  org.springframework.boot.web.servlet.ServletRegistrationBean : Servlet dispatcherServlet mapped to [/]
2018-11-28 14:32:31.305 [localhost-startStop-1] INFO  org.springframework.boot.web.servlet.ServletRegistrationBean : Servlet statViewServlet mapped to [/druid/*]
2018-11-28 14:32:31.308 [localhost-startStop-1] INFO  org.springframework.boot.web.servlet.FilterRegistrationBean : Mapping filter: 'characterEncodingFilter' to: [/*]
2018-11-28 14:32:31.308 [localhost-startStop-1] INFO  org.springframework.boot.web.servlet.FilterRegistrationBean : Mapping filter: 'hiddenHttpMethodFilter' to: [/*]
2018-11-28 14:32:31.308 [localhost-startStop-1] INFO  org.springframework.boot.web.servlet.FilterRegistrationBean : Mapping filter: 'httpPutFormContentFilter' to: [/*]
2018-11-28 14:32:31.308 [localhost-startStop-1] INFO  org.springframework.boot.web.servlet.FilterRegistrationBean : Mapping filter: 'requestContextFilter' to: [/*]
2018-11-28 14:32:31.308 [localhost-startStop-1] INFO  org.springframework.boot.web.servlet.FilterRegistrationBean : Mapping filter: 'webStatFilter' to urls: [/*]
2018-11-28 14:32:32.086 [main] INFO  com.alibaba.druid.spring.boot.autoconfigure.DruidDataSourceAutoConfigure : Init DruidDataSource
2018-11-28 14:32:32.581 [main] INFO  com.alibaba.druid.pool.DruidDataSource : {dataSource-1} inited
2018-11-28 14:32:33.065 [main] INFO  com.alibaba.druid.pool.DruidDataSource : {dataSource-1} closed
2018-11-28 14:32:33.152 [main] INFO  org.apache.catalina.core.StandardService : Stopping service [Tomcat]
2018-11-28 14:32:33.164 [main] INFO  org.springframework.boot.autoconfigure.logging.ConditionEvaluationReportLoggingListener : 

Error starting ApplicationContext. To display the conditions report re-run your application with 'debug' enabled.
2018-11-28 14:35:55.827 [main] INFO  com.key.DistributeredisApplication : Starting DistributeredisApplication on PC-HZ20096620 with PID 27328 (D:\project\localproject\distributeredis\target\classes started by tujia in D:\project\localproject\pgsqldemo)
2018-11-28 14:35:55.830 [main] INFO  com.key.DistributeredisApplication : The following profiles are active: dev
2018-11-28 14:35:55.892 [main] INFO  org.springframework.boot.web.servlet.context.AnnotationConfigServletWebServerApplicationContext : Refreshing org.springframework.boot.web.servlet.context.AnnotationConfigServletWebServerApplicationContext@73a2e526: startup date [Wed Nov 28 14:35:55 CST 2018]; root of context hierarchy
2018-11-28 14:35:56.786 [main] INFO  org.springframework.data.repository.config.RepositoryConfigurationDelegate : Multiple Spring Data modules found, entering strict repository configuration mode!
2018-11-28 14:35:57.198 [main] INFO  org.springframework.context.support.PostProcessorRegistrationDelegate$BeanPostProcessorChecker : Bean 'org.springframework.transaction.annotation.ProxyTransactionManagementConfiguration' of type [org.springframework.transaction.annotation.ProxyTransactionManagementConfiguration$$EnhancerBySpringCGLIB$$d469fe68] is not eligible for getting processed by all BeanPostProcessors (for example: not eligible for auto-proxying)
2018-11-28 14:35:57.704 [main] INFO  org.springframework.boot.web.embedded.tomcat.TomcatWebServer : Tomcat initialized with port(s): 8080 (http)
2018-11-28 14:35:57.714 [main] INFO  org.apache.coyote.http11.Http11NioProtocol : Initializing ProtocolHandler ["http-nio-127.0.0.1-8080"]
2018-11-28 14:35:57.722 [main] INFO  org.apache.catalina.core.StandardService : Starting service [Tomcat]
2018-11-28 14:35:57.722 [main] INFO  org.apache.catalina.core.StandardEngine : Starting Servlet Engine: Apache Tomcat/8.5.32
2018-11-28 14:35:57.726 [localhost-startStop-1] INFO  org.apache.catalina.core.AprLifecycleListener : The APR based Apache Tomcat Native library which allows optimal performance in production environments was not found on the java.library.path: [D:\software\Java\jdk1.8.0\bin;C:\Windows\Sun\Java\bin;C:\Windows\system32;C:\Windows;D:\software\python27;D:\software\Python27\Scripts;C:\Windows\system32;C:\Windows;C:\Windows\System32\Wbem;C:\Windows\System32\WindowsPowerShell\v1.0\;D:\software\TortoiseSVN\bin;D:\software\apache-maven-3.1.1\bin;D:\software\Java\jdk1.7.0_80\bin;D:\software\Java\jdk1.7.0_80\jre\bin;%TOMCAT_HOME%\bin;D:\software\mysql-5.6.29\bin;D:\software\Redis\;D:\software\Git\cmd;D:\software\protoc\bin;D:\software\PostgreSQL\pg96\bin;.]
2018-11-28 14:35:57.860 [localhost-startStop-1] INFO  org.apache.catalina.core.ContainerBase.[Tomcat].[localhost].[/key] : Initializing Spring embedded WebApplicationContext
2018-11-28 14:35:57.861 [localhost-startStop-1] INFO  org.springframework.web.context.ContextLoader : Root WebApplicationContext: initialization completed in 1969 ms
2018-11-28 14:35:57.972 [localhost-startStop-1] INFO  org.springframework.boot.web.servlet.ServletRegistrationBean : Servlet dispatcherServlet mapped to [/]
2018-11-28 14:35:57.973 [localhost-startStop-1] INFO  org.springframework.boot.web.servlet.ServletRegistrationBean : Servlet statViewServlet mapped to [/druid/*]
2018-11-28 14:35:57.977 [localhost-startStop-1] INFO  org.springframework.boot.web.servlet.FilterRegistrationBean : Mapping filter: 'characterEncodingFilter' to: [/*]
2018-11-28 14:35:57.977 [localhost-startStop-1] INFO  org.springframework.boot.web.servlet.FilterRegistrationBean : Mapping filter: 'hiddenHttpMethodFilter' to: [/*]
2018-11-28 14:35:57.977 [localhost-startStop-1] INFO  org.springframework.boot.web.servlet.FilterRegistrationBean : Mapping filter: 'httpPutFormContentFilter' to: [/*]
2018-11-28 14:35:57.977 [localhost-startStop-1] INFO  org.springframework.boot.web.servlet.FilterRegistrationBean : Mapping filter: 'requestContextFilter' to: [/*]
2018-11-28 14:35:57.977 [localhost-startStop-1] INFO  org.springframework.boot.web.servlet.FilterRegistrationBean : Mapping filter: 'webStatFilter' to urls: [/*]
2018-11-28 14:35:58.356 [main] INFO  com.alibaba.druid.spring.boot.autoconfigure.DruidDataSourceAutoConfigure : Init DruidDataSource
2018-11-28 14:35:58.824 [main] INFO  com.alibaba.druid.pool.DruidDataSource : {dataSource-1} inited
2018-11-28 14:35:59.120 [main] INFO  com.alibaba.druid.pool.DruidDataSource : {dataSource-1} closed
2018-11-28 14:35:59.134 [main] INFO  org.apache.catalina.core.StandardService : Stopping service [Tomcat]
2018-11-28 14:35:59.143 [main] INFO  org.springframework.boot.autoconfigure.logging.ConditionEvaluationReportLoggingListener : 

Error starting ApplicationContext. To display the conditions report re-run your application with 'debug' enabled.
2018-11-28 14:36:05.494 [main] INFO  com.key.DistributeredisApplication : Starting DistributeredisApplication on PC-HZ20096620 with PID 18760 (D:\project\localproject\distributeredis\target\classes started by tujia in D:\project\localproject\pgsqldemo)
2018-11-28 14:36:05.497 [main] INFO  com.key.DistributeredisApplication : The following profiles are active: dev
2018-11-28 14:36:05.568 [main] INFO  org.springframework.boot.web.servlet.context.AnnotationConfigServletWebServerApplicationContext : Refreshing org.springframework.boot.web.servlet.context.AnnotationConfigServletWebServerApplicationContext@52851b44: startup date [Wed Nov 28 14:36:05 CST 2018]; root of context hierarchy
2018-11-28 14:36:06.270 [main] INFO  org.springframework.data.repository.config.RepositoryConfigurationDelegate : Multiple Spring Data modules found, entering strict repository configuration mode!
2018-11-28 14:36:06.635 [main] INFO  org.springframework.context.support.PostProcessorRegistrationDelegate$BeanPostProcessorChecker : Bean 'org.springframework.transaction.annotation.ProxyTransactionManagementConfiguration' of type [org.springframework.transaction.annotation.ProxyTransactionManagementConfiguration$$EnhancerBySpringCGLIB$$9e53d863] is not eligible for getting processed by all BeanPostProcessors (for example: not eligible for auto-proxying)
2018-11-28 14:36:07.093 [main] INFO  org.springframework.boot.web.embedded.tomcat.TomcatWebServer : Tomcat initialized with port(s): 8080 (http)
2018-11-28 14:36:07.107 [main] INFO  org.apache.coyote.http11.Http11NioProtocol : Initializing ProtocolHandler ["http-nio-127.0.0.1-8080"]
2018-11-28 14:36:07.116 [main] INFO  org.apache.catalina.core.StandardService : Starting service [Tomcat]
2018-11-28 14:36:07.117 [main] INFO  org.apache.catalina.core.StandardEngine : Starting Servlet Engine: Apache Tomcat/8.5.32
2018-11-28 14:36:07.121 [localhost-startStop-1] INFO  org.apache.catalina.core.AprLifecycleListener : The APR based Apache Tomcat Native library which allows optimal performance in production environments was not found on the java.library.path: [D:\software\Java\jdk1.8.0\bin;C:\Windows\Sun\Java\bin;C:\Windows\system32;C:\Windows;D:\software\python27;D:\software\Python27\Scripts;C:\Windows\system32;C:\Windows;C:\Windows\System32\Wbem;C:\Windows\System32\WindowsPowerShell\v1.0\;D:\software\TortoiseSVN\bin;D:\software\apache-maven-3.1.1\bin;D:\software\Java\jdk1.7.0_80\bin;D:\software\Java\jdk1.7.0_80\jre\bin;%TOMCAT_HOME%\bin;D:\software\mysql-5.6.29\bin;D:\software\Redis\;D:\software\Git\cmd;D:\software\protoc\bin;D:\software\PostgreSQL\pg96\bin;.]
2018-11-28 14:36:07.283 [localhost-startStop-1] INFO  org.apache.catalina.core.ContainerBase.[Tomcat].[localhost].[/key] : Initializing Spring embedded WebApplicationContext
2018-11-28 14:36:07.283 [localhost-startStop-1] INFO  org.springframework.web.context.ContextLoader : Root WebApplicationContext: initialization completed in 1716 ms
2018-11-28 14:36:07.401 [localhost-startStop-1] INFO  org.springframework.boot.web.servlet.ServletRegistrationBean : Servlet dispatcherServlet mapped to [/]
2018-11-28 14:36:07.402 [localhost-startStop-1] INFO  org.springframework.boot.web.servlet.ServletRegistrationBean : Servlet statViewServlet mapped to [/druid/*]
2018-11-28 14:36:07.405 [localhost-startStop-1] INFO  org.springframework.boot.web.servlet.FilterRegistrationBean : Mapping filter: 'characterEncodingFilter' to: [/*]
2018-11-28 14:36:07.405 [localhost-startStop-1] INFO  org.springframework.boot.web.servlet.FilterRegistrationBean : Mapping filter: 'hiddenHttpMethodFilter' to: [/*]
2018-11-28 14:36:07.406 [localhost-startStop-1] INFO  org.springframework.boot.web.servlet.FilterRegistrationBean : Mapping filter: 'httpPutFormContentFilter' to: [/*]
2018-11-28 14:36:07.406 [localhost-startStop-1] INFO  org.springframework.boot.web.servlet.FilterRegistrationBean : Mapping filter: 'requestContextFilter' to: [/*]
2018-11-28 14:36:07.406 [localhost-startStop-1] INFO  org.springframework.boot.web.servlet.FilterRegistrationBean : Mapping filter: 'webStatFilter' to urls: [/*]
2018-11-28 14:36:07.792 [main] INFO  com.alibaba.druid.spring.boot.autoconfigure.DruidDataSourceAutoConfigure : Init DruidDataSource
2018-11-28 14:36:08.248 [main] INFO  com.alibaba.druid.pool.DruidDataSource : {dataSource-1} inited
2018-11-28 14:36:08.772 [main] INFO  org.springframework.web.servlet.handler.SimpleUrlHandlerMapping : Mapped URL path [/**/favicon.ico] onto handler of type [class org.springframework.web.servlet.resource.ResourceHttpRequestHandler]
2018-11-28 14:36:09.077 [main] INFO  org.springframework.web.servlet.mvc.method.annotation.RequestMappingHandlerAdapter : Looking for @ControllerAdvice: org.springframework.boot.web.servlet.context.AnnotationConfigServletWebServerApplicationContext@52851b44: startup date [Wed Nov 28 14:36:05 CST 2018]; root of context hierarchy
2018-11-28 14:36:09.137 [main] INFO  org.springframework.web.servlet.mvc.method.annotation.RequestMappingHandlerMapping : Mapped "{[/demo/ss]}" onto public void com.key.modules.redis.DDController.test(java.lang.String,java.lang.String)
2018-11-28 14:36:09.138 [main] INFO  org.springframework.web.servlet.mvc.method.annotation.RequestMappingHandlerMapping : Mapped "{[/demo/getDemo/{id}]}" onto public java.lang.String com.key.modules.redis.DDController.getDemo(java.lang.String,java.lang.String)
2018-11-28 14:36:09.139 [main] INFO  org.springframework.web.servlet.mvc.method.annotation.RequestMappingHandlerMapping : Mapped "{[/demo/log]}" onto public void com.key.modules.redis.DDController.logTest(javax.servlet.http.HttpServletRequest)
2018-11-28 14:36:09.139 [main] INFO  org.springframework.web.servlet.mvc.method.annotation.RequestMappingHandlerMapping : Mapped "{[/demo/annotationTest]}" onto public java.lang.String com.key.modules.redis.DDController.annotationTest()
2018-11-28 14:36:09.139 [main] INFO  org.springframework.web.servlet.mvc.method.annotation.RequestMappingHandlerMapping : Mapped "{[/user/add]}" onto public int com.key.modules.sys.controller.UserController.addUser(com.key.modules.sys.model.User)
2018-11-28 14:36:09.140 [main] INFO  org.springframework.web.servlet.mvc.method.annotation.RequestMappingHandlerMapping : Mapped "{[/user/all/{pageNum}/{pageSize}]}" onto public java.lang.Object com.key.modules.sys.controller.UserController.findAllUser(int,int)
2018-11-28 14:36:09.140 [main] INFO  org.springframework.web.servlet.mvc.method.annotation.RequestMappingHandlerMapping : Mapped "{[/userInfo/add]}" onto public int com.key.modules.sys.controller.UserInfoController.addUser(com.key.modules.sys.model.UserInfo)
2018-11-28 14:36:09.141 [main] INFO  org.springframework.web.servlet.mvc.method.annotation.RequestMappingHandlerMapping : Mapped "{[/userInfo/all/{pageNum}/{pageSize}]}" onto public java.lang.Object com.key.modules.sys.controller.UserInfoController.findAllUser(int,int)
2018-11-28 14:36:09.142 [main] INFO  org.springframework.web.servlet.mvc.method.annotation.RequestMappingHandlerMapping : Mapped "{[/error]}" onto public org.springframework.http.ResponseEntity<java.util.Map<java.lang.String, java.lang.Object>> org.springframework.boot.autoconfigure.web.servlet.error.BasicErrorController.error(javax.servlet.http.HttpServletRequest)
2018-11-28 14:36:09.143 [main] INFO  org.springframework.web.servlet.mvc.method.annotation.RequestMappingHandlerMapping : Mapped "{[/error],produces=[text/html]}" onto public org.springframework.web.servlet.ModelAndView org.springframework.boot.autoconfigure.web.servlet.error.BasicErrorController.errorHtml(javax.servlet.http.HttpServletRequest,javax.servlet.http.HttpServletResponse)
2018-11-28 14:36:09.174 [main] INFO  org.springframework.web.servlet.handler.SimpleUrlHandlerMapping : Mapped URL path [/webjars/**] onto handler of type [class org.springframework.web.servlet.resource.ResourceHttpRequestHandler]
2018-11-28 14:36:09.174 [main] INFO  org.springframework.web.servlet.handler.SimpleUrlHandlerMapping : Mapped URL path [/**] onto handler of type [class org.springframework.web.servlet.resource.ResourceHttpRequestHandler]
2018-11-28 14:36:10.212 [main] INFO  org.springframework.jmx.export.annotation.AnnotationMBeanExporter : Registering beans for JMX exposure on startup
2018-11-28 14:36:10.214 [main] INFO  org.springframework.jmx.export.annotation.AnnotationMBeanExporter : Bean with name 'statFilter' has been autodetected for JMX exposure
2018-11-28 14:36:10.214 [main] INFO  org.springframework.jmx.export.annotation.AnnotationMBeanExporter : Bean with name 'slf4jLogFilter' has been autodetected for JMX exposure
2018-11-28 14:36:10.214 [main] INFO  org.springframework.jmx.export.annotation.AnnotationMBeanExporter : Bean with name 'wallConfig' has been autodetected for JMX exposure
2018-11-28 14:36:10.214 [main] INFO  org.springframework.jmx.export.annotation.AnnotationMBeanExporter : Bean with name 'wallFilter' has been autodetected for JMX exposure
2018-11-28 14:36:10.214 [main] INFO  org.springframework.jmx.export.annotation.AnnotationMBeanExporter : Bean with name 'dataSource' has been autodetected for JMX exposure
2018-11-28 14:36:10.220 [main] INFO  org.springframework.jmx.export.annotation.AnnotationMBeanExporter : Located MBean 'slf4jLogFilter': registering with JMX server as MBean [com.alibaba.druid.filter.logging:name=slf4jLogFilter,type=Slf4jLogFilter]
2018-11-28 14:36:10.221 [main] INFO  org.springframework.jmx.export.annotation.AnnotationMBeanExporter : Located MBean 'wallConfig': registering with JMX server as MBean [com.alibaba.druid.wall:name=wallConfig,type=WallConfig]
2018-11-28 14:36:10.222 [main] INFO  org.springframework.jmx.export.annotation.AnnotationMBeanExporter : Located MBean 'wallFilter': registering with JMX server as MBean [com.alibaba.druid.wall:name=wallFilter,type=WallFilter]
2018-11-28 14:36:10.222 [main] INFO  org.springframework.jmx.export.annotation.AnnotationMBeanExporter : Located MBean 'dataSource': registering with JMX server as MBean [com.alibaba.druid.spring.boot.autoconfigure:name=dataSource,type=DruidDataSourceWrapper]
2018-11-28 14:36:10.223 [main] INFO  org.springframework.jmx.export.annotation.AnnotationMBeanExporter : Located MBean 'statFilter': registering with JMX server as MBean [com.alibaba.druid.filter.stat:name=statFilter,type=StatFilter]
2018-11-28 14:36:10.234 [main] INFO  org.apache.coyote.http11.Http11NioProtocol : Starting ProtocolHandler ["http-nio-127.0.0.1-8080"]
2018-11-28 14:36:10.243 [main] INFO  org.apache.tomcat.util.net.NioSelectorPool : Using a shared selector for servlet write/read
2018-11-28 14:36:10.283 [main] INFO  org.springframework.boot.web.embedded.tomcat.TomcatWebServer : Tomcat started on port(s): 8080 (http) with context path '/key'
2018-11-28 14:36:10.286 [main] INFO  com.key.DistributeredisApplication : Started DistributeredisApplication in 5.36 seconds (JVM running for 6.262)
2018-11-28 14:40:15.431 [main] INFO  com.key.DistributeredisApplication : Starting DistributeredisApplication on PC-HZ20096620 with PID 25236 (D:\project\localproject\distributeredis\target\classes started by tujia in D:\project\localproject\pgsqldemo)
2018-11-28 14:40:15.434 [main] INFO  com.key.DistributeredisApplication : The following profiles are active: dev
2018-11-28 14:40:15.484 [main] INFO  org.springframework.boot.web.servlet.context.AnnotationConfigServletWebServerApplicationContext : Refreshing org.springframework.boot.web.servlet.context.AnnotationConfigServletWebServerApplicationContext@6e4566f1: startup date [Wed Nov 28 14:40:15 CST 2018]; root of context hierarchy
2018-11-28 14:40:16.196 [main] INFO  org.springframework.data.repository.config.RepositoryConfigurationDelegate : Multiple Spring Data modules found, entering strict repository configuration mode!
2018-11-28 14:40:16.544 [main] INFO  org.springframework.context.support.PostProcessorRegistrationDelegate$BeanPostProcessorChecker : Bean 'org.springframework.transaction.annotation.ProxyTransactionManagementConfiguration' of type [org.springframework.transaction.annotation.ProxyTransactionManagementConfiguration$$EnhancerBySpringCGLIB$$3b5e8a1] is not eligible for getting processed by all BeanPostProcessors (for example: not eligible for auto-proxying)
2018-11-28 14:40:17.000 [main] INFO  org.springframework.boot.web.embedded.tomcat.TomcatWebServer : Tomcat initialized with port(s): 8080 (http)
2018-11-28 14:40:17.010 [main] INFO  org.apache.coyote.http11.Http11NioProtocol : Initializing ProtocolHandler ["http-nio-127.0.0.1-8080"]
2018-11-28 14:40:17.018 [main] INFO  org.apache.catalina.core.StandardService : Starting service [Tomcat]
2018-11-28 14:40:17.018 [main] INFO  org.apache.catalina.core.StandardEngine : Starting Servlet Engine: Apache Tomcat/8.5.32
2018-11-28 14:40:17.022 [localhost-startStop-1] INFO  org.apache.catalina.core.AprLifecycleListener : The APR based Apache Tomcat Native library which allows optimal performance in production environments was not found on the java.library.path: [D:\software\Java\jdk1.8.0\bin;C:\Windows\Sun\Java\bin;C:\Windows\system32;C:\Windows;D:\software\python27;D:\software\Python27\Scripts;C:\Windows\system32;C:\Windows;C:\Windows\System32\Wbem;C:\Windows\System32\WindowsPowerShell\v1.0\;D:\software\TortoiseSVN\bin;D:\software\apache-maven-3.1.1\bin;D:\software\Java\jdk1.7.0_80\bin;D:\software\Java\jdk1.7.0_80\jre\bin;%TOMCAT_HOME%\bin;D:\software\mysql-5.6.29\bin;D:\software\Redis\;D:\software\Git\cmd;D:\software\protoc\bin;D:\software\PostgreSQL\pg96\bin;.]
2018-11-28 14:40:17.169 [localhost-startStop-1] INFO  org.apache.catalina.core.ContainerBase.[Tomcat].[localhost].[/key] : Initializing Spring embedded WebApplicationContext
2018-11-28 14:40:17.170 [localhost-startStop-1] INFO  org.springframework.web.context.ContextLoader : Root WebApplicationContext: initialization completed in 1686 ms
2018-11-28 14:40:17.278 [localhost-startStop-1] INFO  org.springframework.boot.web.servlet.ServletRegistrationBean : Servlet dispatcherServlet mapped to [/]
2018-11-28 14:40:17.279 [localhost-startStop-1] INFO  org.springframework.boot.web.servlet.ServletRegistrationBean : Servlet statViewServlet mapped to [/druid/*]
2018-11-28 14:40:17.282 [localhost-startStop-1] INFO  org.springframework.boot.web.servlet.FilterRegistrationBean : Mapping filter: 'characterEncodingFilter' to: [/*]
2018-11-28 14:40:17.282 [localhost-startStop-1] INFO  org.springframework.boot.web.servlet.FilterRegistrationBean : Mapping filter: 'hiddenHttpMethodFilter' to: [/*]
2018-11-28 14:40:17.282 [localhost-startStop-1] INFO  org.springframework.boot.web.servlet.FilterRegistrationBean : Mapping filter: 'httpPutFormContentFilter' to: [/*]
2018-11-28 14:40:17.282 [localhost-startStop-1] INFO  org.springframework.boot.web.servlet.FilterRegistrationBean : Mapping filter: 'requestContextFilter' to: [/*]
2018-11-28 14:40:17.282 [localhost-startStop-1] INFO  org.springframework.boot.web.servlet.FilterRegistrationBean : Mapping filter: 'webStatFilter' to urls: [/*]
2018-11-28 14:40:17.721 [main] INFO  com.alibaba.druid.spring.boot.autoconfigure.DruidDataSourceAutoConfigure : Init DruidDataSource
2018-11-28 14:40:18.133 [main] INFO  com.alibaba.druid.pool.DruidDataSource : {dataSource-1} inited
2018-11-28 14:40:18.512 [main] INFO  org.springframework.web.servlet.handler.SimpleUrlHandlerMapping : Mapped URL path [/**/favicon.ico] onto handler of type [class org.springframework.web.servlet.resource.ResourceHttpRequestHandler]
2018-11-28 14:40:18.747 [main] INFO  org.springframework.web.servlet.mvc.method.annotation.RequestMappingHandlerAdapter : Looking for @ControllerAdvice: org.springframework.boot.web.servlet.context.AnnotationConfigServletWebServerApplicationContext@6e4566f1: startup date [Wed Nov 28 14:40:15 CST 2018]; root of context hierarchy
2018-11-28 14:40:18.801 [main] INFO  org.springframework.web.servlet.mvc.method.annotation.RequestMappingHandlerMapping : Mapped "{[/demo/ss]}" onto public void com.key.modules.redis.DDController.test(java.lang.String,java.lang.String)
2018-11-28 14:40:18.802 [main] INFO  org.springframework.web.servlet.mvc.method.annotation.RequestMappingHandlerMapping : Mapped "{[/demo/getDemo/{id}]}" onto public java.lang.String com.key.modules.redis.DDController.getDemo(java.lang.String,java.lang.String)
2018-11-28 14:40:18.802 [main] INFO  org.springframework.web.servlet.mvc.method.annotation.RequestMappingHandlerMapping : Mapped "{[/demo/annotationTest]}" onto public java.lang.String com.key.modules.redis.DDController.annotationTest()
2018-11-28 14:40:18.803 [main] INFO  org.springframework.web.servlet.mvc.method.annotation.RequestMappingHandlerMapping : Mapped "{[/demo/log]}" onto public void com.key.modules.redis.DDController.logTest(javax.servlet.http.HttpServletRequest)
2018-11-28 14:40:18.803 [main] INFO  org.springframework.web.servlet.mvc.method.annotation.RequestMappingHandlerMapping : Mapped "{[/user/add]}" onto public int com.key.modules.sys.controller.UserController.addUser(com.key.modules.sys.model.User)
2018-11-28 14:40:18.804 [main] INFO  org.springframework.web.servlet.mvc.method.annotation.RequestMappingHandlerMapping : Mapped "{[/user/all/{pageNum}/{pageSize}]}" onto public java.lang.Object com.key.modules.sys.controller.UserController.findAllUser(int,int)
2018-11-28 14:40:18.804 [main] INFO  org.springframework.web.servlet.mvc.method.annotation.RequestMappingHandlerMapping : Mapped "{[/userInfo/add]}" onto public int com.key.modules.sys.controller.UserInfoController.addUser(com.key.modules.sys.model.UserInfo)
2018-11-28 14:40:18.805 [main] INFO  org.springframework.web.servlet.mvc.method.annotation.RequestMappingHandlerMapping : Mapped "{[/userInfo/all/{pageNum}/{pageSize}]}" onto public java.lang.Object com.key.modules.sys.controller.UserInfoController.findAllUser(int,int)
2018-11-28 14:40:18.806 [main] INFO  org.springframework.web.servlet.mvc.method.annotation.RequestMappingHandlerMapping : Mapped "{[/error]}" onto public org.springframework.http.ResponseEntity<java.util.Map<java.lang.String, java.lang.Object>> org.springframework.boot.autoconfigure.web.servlet.error.BasicErrorController.error(javax.servlet.http.HttpServletRequest)
2018-11-28 14:40:18.807 [main] INFO  org.springframework.web.servlet.mvc.method.annotation.RequestMappingHandlerMapping : Mapped "{[/error],produces=[text/html]}" onto public org.springframework.web.servlet.ModelAndView org.springframework.boot.autoconfigure.web.servlet.error.BasicErrorController.errorHtml(javax.servlet.http.HttpServletRequest,javax.servlet.http.HttpServletResponse)
2018-11-28 14:40:18.836 [main] INFO  org.springframework.web.servlet.handler.SimpleUrlHandlerMapping : Mapped URL path [/webjars/**] onto handler of type [class org.springframework.web.servlet.resource.ResourceHttpRequestHandler]
2018-11-28 14:40:18.836 [main] INFO  org.springframework.web.servlet.handler.SimpleUrlHandlerMapping : Mapped URL path [/**] onto handler of type [class org.springframework.web.servlet.resource.ResourceHttpRequestHandler]
2018-11-28 14:40:19.327 [main] INFO  org.springframework.jmx.export.annotation.AnnotationMBeanExporter : Registering beans for JMX exposure on startup
2018-11-28 14:40:19.328 [main] INFO  org.springframework.jmx.export.annotation.AnnotationMBeanExporter : Bean with name 'statFilter' has been autodetected for JMX exposure
2018-11-28 14:40:19.328 [main] INFO  org.springframework.jmx.export.annotation.AnnotationMBeanExporter : Bean with name 'slf4jLogFilter' has been autodetected for JMX exposure
2018-11-28 14:40:19.328 [main] INFO  org.springframework.jmx.export.annotation.AnnotationMBeanExporter : Bean with name 'wallConfig' has been autodetected for JMX exposure
2018-11-28 14:40:19.328 [main] INFO  org.springframework.jmx.export.annotation.AnnotationMBeanExporter : Bean with name 'wallFilter' has been autodetected for JMX exposure
2018-11-28 14:40:19.328 [main] INFO  org.springframework.jmx.export.annotation.AnnotationMBeanExporter : Bean with name 'dataSource' has been autodetected for JMX exposure
2018-11-28 14:40:19.333 [main] INFO  org.springframework.jmx.export.annotation.AnnotationMBeanExporter : Located MBean 'slf4jLogFilter': registering with JMX server as MBean [com.alibaba.druid.filter.logging:name=slf4jLogFilter,type=Slf4jLogFilter]
2018-11-28 14:40:19.334 [main] INFO  org.springframework.jmx.export.annotation.AnnotationMBeanExporter : Located MBean 'wallConfig': registering with JMX server as MBean [com.alibaba.druid.wall:name=wallConfig,type=WallConfig]
2018-11-28 14:40:19.335 [main] INFO  org.springframework.jmx.export.annotation.AnnotationMBeanExporter : Located MBean 'wallFilter': registering with JMX server as MBean [com.alibaba.druid.wall:name=wallFilter,type=WallFilter]
2018-11-28 14:40:19.336 [main] INFO  org.springframework.jmx.export.annotation.AnnotationMBeanExporter : Located MBean 'dataSource': registering with JMX server as MBean [com.alibaba.druid.spring.boot.autoconfigure:name=dataSource,type=DruidDataSourceWrapper]
2018-11-28 14:40:19.337 [main] INFO  org.springframework.jmx.export.annotation.AnnotationMBeanExporter : Located MBean 'statFilter': registering with JMX server as MBean [com.alibaba.druid.filter.stat:name=statFilter,type=StatFilter]
2018-11-28 14:40:19.346 [main] INFO  org.apache.coyote.http11.Http11NioProtocol : Starting ProtocolHandler ["http-nio-127.0.0.1-8080"]
2018-11-28 14:40:19.354 [main] INFO  org.apache.tomcat.util.net.NioSelectorPool : Using a shared selector for servlet write/read
2018-11-28 14:40:19.367 [main] INFO  org.springframework.boot.web.embedded.tomcat.TomcatWebServer : Tomcat started on port(s): 8080 (http) with context path '/key'
2018-11-28 14:40:19.369 [main] INFO  com.key.DistributeredisApplication : Started DistributeredisApplication in 4.528 seconds (JVM running for 5.299)
2018-11-28 14:40:34.333 [main] INFO  com.key.DistributeredisApplication : Starting DistributeredisApplication on PC-HZ20096620 with PID 21620 (D:\project\localproject\distributeredis\target\classes started by tujia in D:\project\localproject\pgsqldemo)
2018-11-28 14:40:34.336 [main] INFO  com.key.DistributeredisApplication : The following profiles are active: dev
2018-11-28 14:40:34.405 [main] INFO  org.springframework.boot.web.servlet.context.AnnotationConfigServletWebServerApplicationContext : Refreshing org.springframework.boot.web.servlet.context.AnnotationConfigServletWebServerApplicationContext@5ef6ae06: startup date [Wed Nov 28 14:40:34 CST 2018]; root of context hierarchy
2018-11-28 14:40:35.181 [main] INFO  org.springframework.data.repository.config.RepositoryConfigurationDelegate : Multiple Spring Data modules found, entering strict repository configuration mode!
2018-11-28 14:40:35.547 [main] INFO  org.springframework.context.support.PostProcessorRegistrationDelegate$BeanPostProcessorChecker : Bean 'org.springframework.transaction.annotation.ProxyTransactionManagementConfiguration' of type [org.springframework.transaction.annotation.ProxyTransactionManagementConfiguration$$EnhancerBySpringCGLIB$$5aa96c0a] is not eligible for getting processed by all BeanPostProcessors (for example: not eligible for auto-proxying)
2018-11-28 14:40:35.986 [main] INFO  org.springframework.boot.web.embedded.tomcat.TomcatWebServer : Tomcat initialized with port(s): 8080 (http)
2018-11-28 14:40:35.996 [main] INFO  org.apache.coyote.http11.Http11NioProtocol : Initializing ProtocolHandler ["http-nio-127.0.0.1-8080"]
2018-11-28 14:40:36.004 [main] INFO  org.apache.catalina.core.StandardService : Starting service [Tomcat]
2018-11-28 14:40:36.005 [main] INFO  org.apache.catalina.core.StandardEngine : Starting Servlet Engine: Apache Tomcat/8.5.32
2018-11-28 14:40:36.008 [localhost-startStop-1] INFO  org.apache.catalina.core.AprLifecycleListener : The APR based Apache Tomcat Native library which allows optimal performance in production environments was not found on the java.library.path: [D:\software\Java\jdk1.8.0\bin;C:\Windows\Sun\Java\bin;C:\Windows\system32;C:\Windows;D:\software\python27;D:\software\Python27\Scripts;C:\Windows\system32;C:\Windows;C:\Windows\System32\Wbem;C:\Windows\System32\WindowsPowerShell\v1.0\;D:\software\TortoiseSVN\bin;D:\software\apache-maven-3.1.1\bin;D:\software\Java\jdk1.7.0_80\bin;D:\software\Java\jdk1.7.0_80\jre\bin;%TOMCAT_HOME%\bin;D:\software\mysql-5.6.29\bin;D:\software\Redis\;D:\software\Git\cmd;D:\software\protoc\bin;D:\software\PostgreSQL\pg96\bin;.]
2018-11-28 14:40:36.157 [localhost-startStop-1] INFO  org.apache.catalina.core.ContainerBase.[Tomcat].[localhost].[/key] : Initializing Spring embedded WebApplicationContext
2018-11-28 14:40:36.157 [localhost-startStop-1] INFO  org.springframework.web.context.ContextLoader : Root WebApplicationContext: initialization completed in 1752 ms
2018-11-28 14:40:36.265 [localhost-startStop-1] INFO  org.springframework.boot.web.servlet.ServletRegistrationBean : Servlet dispatcherServlet mapped to [/]
2018-11-28 14:40:36.266 [localhost-startStop-1] INFO  org.springframework.boot.web.servlet.ServletRegistrationBean : Servlet statViewServlet mapped to [/druid/*]
2018-11-28 14:40:36.269 [localhost-startStop-1] INFO  org.springframework.boot.web.servlet.FilterRegistrationBean : Mapping filter: 'characterEncodingFilter' to: [/*]
2018-11-28 14:40:36.269 [localhost-startStop-1] INFO  org.springframework.boot.web.servlet.FilterRegistrationBean : Mapping filter: 'hiddenHttpMethodFilter' to: [/*]
2018-11-28 14:40:36.269 [localhost-startStop-1] INFO  org.springframework.boot.web.servlet.FilterRegistrationBean : Mapping filter: 'httpPutFormContentFilter' to: [/*]
2018-11-28 14:40:36.269 [localhost-startStop-1] INFO  org.springframework.boot.web.servlet.FilterRegistrationBean : Mapping filter: 'requestContextFilter' to: [/*]
2018-11-28 14:40:36.269 [localhost-startStop-1] INFO  org.springframework.boot.web.servlet.FilterRegistrationBean : Mapping filter: 'webStatFilter' to urls: [/*]
2018-11-28 14:40:36.626 [main] INFO  com.alibaba.druid.spring.boot.autoconfigure.DruidDataSourceAutoConfigure : Init DruidDataSource
2018-11-28 14:40:37.081 [main] INFO  com.alibaba.druid.pool.DruidDataSource : {dataSource-1} inited
2018-11-28 14:40:37.438 [main] INFO  org.springframework.web.servlet.handler.SimpleUrlHandlerMapping : Mapped URL path [/**/favicon.ico] onto handler of type [class org.springframework.web.servlet.resource.ResourceHttpRequestHandler]
2018-11-28 14:40:37.715 [main] INFO  org.springframework.web.servlet.mvc.method.annotation.RequestMappingHandlerAdapter : Looking for @ControllerAdvice: org.springframework.boot.web.servlet.context.AnnotationConfigServletWebServerApplicationContext@5ef6ae06: startup date [Wed Nov 28 14:40:34 CST 2018]; root of context hierarchy
2018-11-28 14:40:37.772 [main] INFO  org.springframework.web.servlet.mvc.method.annotation.RequestMappingHandlerMapping : Mapped "{[/demo/ss]}" onto public void com.key.modules.redis.DDController.test(java.lang.String,java.lang.String)
2018-11-28 14:40:37.773 [main] INFO  org.springframework.web.servlet.mvc.method.annotation.RequestMappingHandlerMapping : Mapped "{[/demo/getDemo/{id}]}" onto public java.lang.String com.key.modules.redis.DDController.getDemo(java.lang.String,java.lang.String)
2018-11-28 14:40:37.773 [main] INFO  org.springframework.web.servlet.mvc.method.annotation.RequestMappingHandlerMapping : Mapped "{[/demo/annotationTest]}" onto public java.lang.String com.key.modules.redis.DDController.annotationTest()
2018-11-28 14:40:37.773 [main] INFO  org.springframework.web.servlet.mvc.method.annotation.RequestMappingHandlerMapping : Mapped "{[/demo/log]}" onto public void com.key.modules.redis.DDController.logTest(javax.servlet.http.HttpServletRequest)
2018-11-28 14:40:37.774 [main] INFO  org.springframework.web.servlet.mvc.method.annotation.RequestMappingHandlerMapping : Mapped "{[/user/add]}" onto public int com.key.modules.sys.controller.UserController.addUser(com.key.modules.sys.model.User)
2018-11-28 14:40:37.775 [main] INFO  org.springframework.web.servlet.mvc.method.annotation.RequestMappingHandlerMapping : Mapped "{[/user/all/{pageNum}/{pageSize}]}" onto public java.lang.Object com.key.modules.sys.controller.UserController.findAllUser(int,int)
2018-11-28 14:40:37.776 [main] INFO  org.springframework.web.servlet.mvc.method.annotation.RequestMappingHandlerMapping : Mapped "{[/userInfo/add]}" onto public int com.key.modules.sys.controller.UserInfoController.addUser(com.key.modules.sys.model.UserInfo)
2018-11-28 14:40:37.776 [main] INFO  org.springframework.web.servlet.mvc.method.annotation.RequestMappingHandlerMapping : Mapped "{[/userInfo/all/{pageNum}/{pageSize}]}" onto public java.lang.Object com.key.modules.sys.controller.UserInfoController.findAllUser(int,int)
2018-11-28 14:40:37.777 [main] INFO  org.springframework.web.servlet.mvc.method.annotation.RequestMappingHandlerMapping : Mapped "{[/error]}" onto public org.springframework.http.ResponseEntity<java.util.Map<java.lang.String, java.lang.Object>> org.springframework.boot.autoconfigure.web.servlet.error.BasicErrorController.error(javax.servlet.http.HttpServletRequest)
2018-11-28 14:40:37.778 [main] INFO  org.springframework.web.servlet.mvc.method.annotation.RequestMappingHandlerMapping : Mapped "{[/error],produces=[text/html]}" onto public org.springframework.web.servlet.ModelAndView org.springframework.boot.autoconfigure.web.servlet.error.BasicErrorController.errorHtml(javax.servlet.http.HttpServletRequest,javax.servlet.http.HttpServletResponse)
2018-11-28 14:40:37.809 [main] INFO  org.springframework.web.servlet.handler.SimpleUrlHandlerMapping : Mapped URL path [/webjars/**] onto handler of type [class org.springframework.web.servlet.resource.ResourceHttpRequestHandler]
2018-11-28 14:40:37.809 [main] INFO  org.springframework.web.servlet.handler.SimpleUrlHandlerMapping : Mapped URL path [/**] onto handler of type [class org.springframework.web.servlet.resource.ResourceHttpRequestHandler]
2018-11-28 14:40:38.289 [main] INFO  org.springframework.jmx.export.annotation.AnnotationMBeanExporter : Registering beans for JMX exposure on startup
2018-11-28 14:40:38.291 [main] INFO  org.springframework.jmx.export.annotation.AnnotationMBeanExporter : Bean with name 'statFilter' has been autodetected for JMX exposure
2018-11-28 14:40:38.291 [main] INFO  org.springframework.jmx.export.annotation.AnnotationMBeanExporter : Bean with name 'slf4jLogFilter' has been autodetected for JMX exposure
2018-11-28 14:40:38.291 [main] INFO  org.springframework.jmx.export.annotation.AnnotationMBeanExporter : Bean with name 'wallConfig' has been autodetected for JMX exposure
2018-11-28 14:40:38.291 [main] INFO  org.springframework.jmx.export.annotation.AnnotationMBeanExporter : Bean with name 'wallFilter' has been autodetected for JMX exposure
2018-11-28 14:40:38.291 [main] INFO  org.springframework.jmx.export.annotation.AnnotationMBeanExporter : Bean with name 'dataSource' has been autodetected for JMX exposure
2018-11-28 14:40:38.295 [main] INFO  org.springframework.jmx.export.annotation.AnnotationMBeanExporter : Located MBean 'slf4jLogFilter': registering with JMX server as MBean [com.alibaba.druid.filter.logging:name=slf4jLogFilter,type=Slf4jLogFilter]
2018-11-28 14:40:38.296 [main] INFO  org.springframework.jmx.export.annotation.AnnotationMBeanExporter : Located MBean 'wallConfig': registering with JMX server as MBean [com.alibaba.druid.wall:name=wallConfig,type=WallConfig]
2018-11-28 14:40:38.297 [main] INFO  org.springframework.jmx.export.annotation.AnnotationMBeanExporter : Located MBean 'wallFilter': registering with JMX server as MBean [com.alibaba.druid.wall:name=wallFilter,type=WallFilter]
2018-11-28 14:40:38.298 [main] INFO  org.springframework.jmx.export.annotation.AnnotationMBeanExporter : Located MBean 'dataSource': registering with JMX server as MBean [com.alibaba.druid.spring.boot.autoconfigure:name=dataSource,type=DruidDataSourceWrapper]
2018-11-28 14:40:38.298 [main] INFO  org.springframework.jmx.export.annotation.AnnotationMBeanExporter : Located MBean 'statFilter': registering with JMX server as MBean [com.alibaba.druid.filter.stat:name=statFilter,type=StatFilter]
2018-11-28 14:40:38.308 [main] INFO  org.apache.coyote.http11.Http11NioProtocol : Starting ProtocolHandler ["http-nio-127.0.0.1-8080"]
2018-11-28 14:40:38.316 [main] INFO  org.apache.tomcat.util.net.NioSelectorPool : Using a shared selector for servlet write/read
2018-11-28 14:40:38.329 [main] INFO  org.springframework.boot.web.embedded.tomcat.TomcatWebServer : Tomcat started on port(s): 8080 (http) with context path '/key'
2018-11-28 14:40:38.332 [main] INFO  com.key.DistributeredisApplication : Started DistributeredisApplication in 4.538 seconds (JVM running for 5.397)
2018-11-28 14:41:16.848 [main] INFO  com.key.DistributeredisApplication : Starting DistributeredisApplication on PC-HZ20096620 with PID 28392 (D:\project\localproject\distributeredis\target\classes started by tujia in D:\project\localproject\pgsqldemo)
2018-11-28 14:41:16.851 [main] INFO  com.key.DistributeredisApplication : The following profiles are active: dev
2018-11-28 14:41:16.917 [main] INFO  org.springframework.boot.web.servlet.context.AnnotationConfigServletWebServerApplicationContext : Refreshing org.springframework.boot.web.servlet.context.AnnotationConfigServletWebServerApplicationContext@363042d7: startup date [Wed Nov 28 14:41:16 CST 2018]; root of context hierarchy
2018-11-28 14:41:17.738 [main] INFO  org.springframework.data.repository.config.RepositoryConfigurationDelegate : Multiple Spring Data modules found, entering strict repository configuration mode!
2018-11-28 14:41:18.105 [main] INFO  org.springframework.context.support.PostProcessorRegistrationDelegate$BeanPostProcessorChecker : Bean 'org.springframework.transaction.annotation.ProxyTransactionManagementConfiguration' of type [org.springframework.transaction.annotation.ProxyTransactionManagementConfiguration$$EnhancerBySpringCGLIB$$2f21847d] is not eligible for getting processed by all BeanPostProcessors (for example: not eligible for auto-proxying)
2018-11-28 14:41:18.541 [main] INFO  org.springframework.boot.web.embedded.tomcat.TomcatWebServer : Tomcat initialized with port(s): 8080 (http)
2018-11-28 14:41:18.552 [main] INFO  org.apache.coyote.http11.Http11NioProtocol : Initializing ProtocolHandler ["http-nio-127.0.0.1-8080"]
2018-11-28 14:41:18.560 [main] INFO  org.apache.catalina.core.StandardService : Starting service [Tomcat]
2018-11-28 14:41:18.560 [main] INFO  org.apache.catalina.core.StandardEngine : Starting Servlet Engine: Apache Tomcat/8.5.32
2018-11-28 14:41:18.564 [localhost-startStop-1] INFO  org.apache.catalina.core.AprLifecycleListener : The APR based Apache Tomcat Native library which allows optimal performance in production environments was not found on the java.library.path: [D:\software\Java\jdk1.8.0\bin;C:\Windows\Sun\Java\bin;C:\Windows\system32;C:\Windows;D:\software\python27;D:\software\Python27\Scripts;C:\Windows\system32;C:\Windows;C:\Windows\System32\Wbem;C:\Windows\System32\WindowsPowerShell\v1.0\;D:\software\TortoiseSVN\bin;D:\software\apache-maven-3.1.1\bin;D:\software\Java\jdk1.7.0_80\bin;D:\software\Java\jdk1.7.0_80\jre\bin;%TOMCAT_HOME%\bin;D:\software\mysql-5.6.29\bin;D:\software\Redis\;D:\software\Git\cmd;D:\software\protoc\bin;D:\software\PostgreSQL\pg96\bin;.]
2018-11-28 14:41:18.697 [localhost-startStop-1] INFO  org.apache.catalina.core.ContainerBase.[Tomcat].[localhost].[/key] : Initializing Spring embedded WebApplicationContext
2018-11-28 14:41:18.697 [localhost-startStop-1] INFO  org.springframework.web.context.ContextLoader : Root WebApplicationContext: initialization completed in 1780 ms
2018-11-28 14:41:18.804 [localhost-startStop-1] INFO  org.springframework.boot.web.servlet.ServletRegistrationBean : Servlet dispatcherServlet mapped to [/]
2018-11-28 14:41:18.805 [localhost-startStop-1] INFO  org.springframework.boot.web.servlet.ServletRegistrationBean : Servlet statViewServlet mapped to [/druid/*]
2018-11-28 14:41:18.808 [localhost-startStop-1] INFO  org.springframework.boot.web.servlet.FilterRegistrationBean : Mapping filter: 'characterEncodingFilter' to: [/*]
2018-11-28 14:41:18.808 [localhost-startStop-1] INFO  org.springframework.boot.web.servlet.FilterRegistrationBean : Mapping filter: 'hiddenHttpMethodFilter' to: [/*]
2018-11-28 14:41:18.808 [localhost-startStop-1] INFO  org.springframework.boot.web.servlet.FilterRegistrationBean : Mapping filter: 'httpPutFormContentFilter' to: [/*]
2018-11-28 14:41:18.808 [localhost-startStop-1] INFO  org.springframework.boot.web.servlet.FilterRegistrationBean : Mapping filter: 'requestContextFilter' to: [/*]
2018-11-28 14:41:18.808 [localhost-startStop-1] INFO  org.springframework.boot.web.servlet.FilterRegistrationBean : Mapping filter: 'webStatFilter' to urls: [/*]
2018-11-28 14:41:19.172 [main] INFO  com.alibaba.druid.spring.boot.autoconfigure.DruidDataSourceAutoConfigure : Init DruidDataSource
2018-11-28 14:41:19.575 [main] INFO  com.alibaba.druid.pool.DruidDataSource : {dataSource-1} inited
2018-11-28 14:41:19.938 [main] INFO  org.springframework.web.servlet.handler.SimpleUrlHandlerMapping : Mapped URL path [/**/favicon.ico] onto handler of type [class org.springframework.web.servlet.resource.ResourceHttpRequestHandler]
2018-11-28 14:41:20.163 [main] INFO  org.springframework.web.servlet.mvc.method.annotation.RequestMappingHandlerAdapter : Looking for @ControllerAdvice: org.springframework.boot.web.servlet.context.AnnotationConfigServletWebServerApplicationContext@363042d7: startup date [Wed Nov 28 14:41:16 CST 2018]; root of context hierarchy
2018-11-28 14:41:20.216 [main] INFO  org.springframework.web.servlet.mvc.method.annotation.RequestMappingHandlerMapping : Mapped "{[/demo/ss]}" onto public void com.key.modules.redis.DDController.test(java.lang.String,java.lang.String)
2018-11-28 14:41:20.217 [main] INFO  org.springframework.web.servlet.mvc.method.annotation.RequestMappingHandlerMapping : Mapped "{[/demo/getDemo/{id}]}" onto public java.lang.String com.key.modules.redis.DDController.getDemo(java.lang.String,java.lang.String)
2018-11-28 14:41:20.217 [main] INFO  org.springframework.web.servlet.mvc.method.annotation.RequestMappingHandlerMapping : Mapped "{[/demo/annotationTest]}" onto public java.lang.String com.key.modules.redis.DDController.annotationTest()
2018-11-28 14:41:20.218 [main] INFO  org.springframework.web.servlet.mvc.method.annotation.RequestMappingHandlerMapping : Mapped "{[/demo/log]}" onto public void com.key.modules.redis.DDController.logTest(javax.servlet.http.HttpServletRequest)
2018-11-28 14:41:20.218 [main] INFO  org.springframework.web.servlet.mvc.method.annotation.RequestMappingHandlerMapping : Mapped "{[/user/add]}" onto public int com.key.modules.sys.controller.UserController.addUser(com.key.modules.sys.model.User)
2018-11-28 14:41:20.218 [main] INFO  org.springframework.web.servlet.mvc.method.annotation.RequestMappingHandlerMapping : Mapped "{[/user/all/{pageNum}/{pageSize}]}" onto public java.lang.Object com.key.modules.sys.controller.UserController.findAllUser(int,int)
2018-11-28 14:41:20.219 [main] INFO  org.springframework.web.servlet.mvc.method.annotation.RequestMappingHandlerMapping : Mapped "{[/userInfo/add]}" onto public int com.key.modules.sys.controller.UserInfoController.addUser(com.key.modules.sys.model.UserInfo)
2018-11-28 14:41:20.219 [main] INFO  org.springframework.web.servlet.mvc.method.annotation.RequestMappingHandlerMapping : Mapped "{[/userInfo/all/{pageNum}/{pageSize}]}" onto public java.lang.Object com.key.modules.sys.controller.UserInfoController.findAllUser(int,int)
2018-11-28 14:41:20.221 [main] INFO  org.springframework.web.servlet.mvc.method.annotation.RequestMappingHandlerMapping : Mapped "{[/error]}" onto public org.springframework.http.ResponseEntity<java.util.Map<java.lang.String, java.lang.Object>> org.springframework.boot.autoconfigure.web.servlet.error.BasicErrorController.error(javax.servlet.http.HttpServletRequest)
2018-11-28 14:41:20.222 [main] INFO  org.springframework.web.servlet.mvc.method.annotation.RequestMappingHandlerMapping : Mapped "{[/error],produces=[text/html]}" onto public org.springframework.web.servlet.ModelAndView org.springframework.boot.autoconfigure.web.servlet.error.BasicErrorController.errorHtml(javax.servlet.http.HttpServletRequest,javax.servlet.http.HttpServletResponse)
2018-11-28 14:41:20.252 [main] INFO  org.springframework.web.servlet.handler.SimpleUrlHandlerMapping : Mapped URL path [/webjars/**] onto handler of type [class org.springframework.web.servlet.resource.ResourceHttpRequestHandler]
2018-11-28 14:41:20.253 [main] INFO  org.springframework.web.servlet.handler.SimpleUrlHandlerMapping : Mapped URL path [/**] onto handler of type [class org.springframework.web.servlet.resource.ResourceHttpRequestHandler]
2018-11-28 14:41:20.759 [main] INFO  org.springframework.jmx.export.annotation.AnnotationMBeanExporter : Registering beans for JMX exposure on startup
2018-11-28 14:41:20.761 [main] INFO  org.springframework.jmx.export.annotation.AnnotationMBeanExporter : Bean with name 'statFilter' has been autodetected for JMX exposure
2018-11-28 14:41:20.761 [main] INFO  org.springframework.jmx.export.annotation.AnnotationMBeanExporter : Bean with name 'slf4jLogFilter' has been autodetected for JMX exposure
2018-11-28 14:41:20.761 [main] INFO  org.springframework.jmx.export.annotation.AnnotationMBeanExporter : Bean with name 'wallConfig' has been autodetected for JMX exposure
2018-11-28 14:41:20.761 [main] INFO  org.springframework.jmx.export.annotation.AnnotationMBeanExporter : Bean with name 'wallFilter' has been autodetected for JMX exposure
2018-11-28 14:41:20.761 [main] INFO  org.springframework.jmx.export.annotation.AnnotationMBeanExporter : Bean with name 'dataSource' has been autodetected for JMX exposure
2018-11-28 14:41:20.766 [main] INFO  org.springframework.jmx.export.annotation.AnnotationMBeanExporter : Located MBean 'slf4jLogFilter': registering with JMX server as MBean [com.alibaba.druid.filter.logging:name=slf4jLogFilter,type=Slf4jLogFilter]
2018-11-28 14:41:20.767 [main] INFO  org.springframework.jmx.export.annotation.AnnotationMBeanExporter : Located MBean 'wallConfig': registering with JMX server as MBean [com.alibaba.druid.wall:name=wallConfig,type=WallConfig]
2018-11-28 14:41:20.768 [main] INFO  org.springframework.jmx.export.annotation.AnnotationMBeanExporter : Located MBean 'wallFilter': registering with JMX server as MBean [com.alibaba.druid.wall:name=wallFilter,type=WallFilter]
2018-11-28 14:41:20.769 [main] INFO  org.springframework.jmx.export.annotation.AnnotationMBeanExporter : Located MBean 'dataSource': registering with JMX server as MBean [com.alibaba.druid.spring.boot.autoconfigure:name=dataSource,type=DruidDataSourceWrapper]
2018-11-28 14:41:20.769 [main] INFO  org.springframework.jmx.export.annotation.AnnotationMBeanExporter : Located MBean 'statFilter': registering with JMX server as MBean [com.alibaba.druid.filter.stat:name=statFilter,type=StatFilter]
2018-11-28 14:41:20.778 [main] INFO  org.apache.coyote.http11.Http11NioProtocol : Starting ProtocolHandler ["http-nio-127.0.0.1-8080"]
2018-11-28 14:41:20.786 [main] INFO  org.apache.tomcat.util.net.NioSelectorPool : Using a shared selector for servlet write/read
2018-11-28 14:41:20.800 [main] INFO  org.springframework.boot.web.embedded.tomcat.TomcatWebServer : Tomcat started on port(s): 8080 (http) with context path '/key'
2018-11-28 14:41:20.802 [main] INFO  com.key.DistributeredisApplication : Started DistributeredisApplication in 4.522 seconds (JVM running for 5.438)
2018-11-28 14:41:51.608 [main] INFO  com.key.DistributeredisApplication : Starting DistributeredisApplication on PC-HZ20096620 with PID 21988 (D:\project\localproject\distributeredis\target\classes started by tujia in D:\project\localproject\pgsqldemo)
2018-11-28 14:41:51.611 [main] INFO  com.key.DistributeredisApplication : The following profiles are active: dev
2018-11-28 14:41:51.673 [main] INFO  org.springframework.boot.web.servlet.context.AnnotationConfigServletWebServerApplicationContext : Refreshing org.springframework.boot.web.servlet.context.AnnotationConfigServletWebServerApplicationContext@6155d082: startup date [Wed Nov 28 14:41:51 CST 2018]; root of context hierarchy
2018-11-28 14:41:52.380 [main] INFO  org.springframework.data.repository.config.RepositoryConfigurationDelegate : Multiple Spring Data modules found, entering strict repository configuration mode!
2018-11-28 14:41:52.730 [main] INFO  org.springframework.context.support.PostProcessorRegistrationDelegate$BeanPostProcessorChecker : Bean 'org.springframework.transaction.annotation.ProxyTransactionManagementConfiguration' of type [org.springframework.transaction.annotation.ProxyTransactionManagementConfiguration$$EnhancerBySpringCGLIB$$3b57d8c0] is not eligible for getting processed by all BeanPostProcessors (for example: not eligible for auto-proxying)
2018-11-28 14:41:53.176 [main] INFO  org.springframework.boot.web.embedded.tomcat.TomcatWebServer : Tomcat initialized with port(s): 8080 (http)
2018-11-28 14:41:53.186 [main] INFO  org.apache.coyote.http11.Http11NioProtocol : Initializing ProtocolHandler ["http-nio-127.0.0.1-8080"]
2018-11-28 14:41:53.195 [main] INFO  org.apache.catalina.core.StandardService : Starting service [Tomcat]
2018-11-28 14:41:53.195 [main] INFO  org.apache.catalina.core.StandardEngine : Starting Servlet Engine: Apache Tomcat/8.5.32
2018-11-28 14:41:53.199 [localhost-startStop-1] INFO  org.apache.catalina.core.AprLifecycleListener : The APR based Apache Tomcat Native library which allows optimal performance in production environments was not found on the java.library.path: [D:\software\Java\jdk1.8.0\bin;C:\Windows\Sun\Java\bin;C:\Windows\system32;C:\Windows;D:\software\python27;D:\software\Python27\Scripts;C:\Windows\system32;C:\Windows;C:\Windows\System32\Wbem;C:\Windows\System32\WindowsPowerShell\v1.0\;D:\software\TortoiseSVN\bin;D:\software\apache-maven-3.1.1\bin;D:\software\Java\jdk1.7.0_80\bin;D:\software\Java\jdk1.7.0_80\jre\bin;%TOMCAT_HOME%\bin;D:\software\mysql-5.6.29\bin;D:\software\Redis\;D:\software\Git\cmd;D:\software\protoc\bin;D:\software\PostgreSQL\pg96\bin;.]
2018-11-28 14:41:53.329 [localhost-startStop-1] INFO  org.apache.catalina.core.ContainerBase.[Tomcat].[localhost].[/key] : Initializing Spring embedded WebApplicationContext
2018-11-28 14:41:53.329 [localhost-startStop-1] INFO  org.springframework.web.context.ContextLoader : Root WebApplicationContext: initialization completed in 1656 ms
2018-11-28 14:41:53.437 [localhost-startStop-1] INFO  org.springframework.boot.web.servlet.ServletRegistrationBean : Servlet dispatcherServlet mapped to [/]
2018-11-28 14:41:53.438 [localhost-startStop-1] INFO  org.springframework.boot.web.servlet.ServletRegistrationBean : Servlet statViewServlet mapped to [/druid/*]
2018-11-28 14:41:53.441 [localhost-startStop-1] INFO  org.springframework.boot.web.servlet.FilterRegistrationBean : Mapping filter: 'characterEncodingFilter' to: [/*]
2018-11-28 14:41:53.441 [localhost-startStop-1] INFO  org.springframework.boot.web.servlet.FilterRegistrationBean : Mapping filter: 'hiddenHttpMethodFilter' to: [/*]
2018-11-28 14:41:53.441 [localhost-startStop-1] INFO  org.springframework.boot.web.servlet.FilterRegistrationBean : Mapping filter: 'httpPutFormContentFilter' to: [/*]
2018-11-28 14:41:53.441 [localhost-startStop-1] INFO  org.springframework.boot.web.servlet.FilterRegistrationBean : Mapping filter: 'requestContextFilter' to: [/*]
2018-11-28 14:41:53.441 [localhost-startStop-1] INFO  org.springframework.boot.web.servlet.FilterRegistrationBean : Mapping filter: 'webStatFilter' to urls: [/*]
2018-11-28 14:41:53.803 [main] INFO  com.alibaba.druid.spring.boot.autoconfigure.DruidDataSourceAutoConfigure : Init DruidDataSource
2018-11-28 14:41:54.241 [main] INFO  com.alibaba.druid.pool.DruidDataSource : {dataSource-1} inited
2018-11-28 14:41:54.602 [main] INFO  org.springframework.web.servlet.handler.SimpleUrlHandlerMapping : Mapped URL path [/**/favicon.ico] onto handler of type [class org.springframework.web.servlet.resource.ResourceHttpRequestHandler]
2018-11-28 14:41:54.838 [main] INFO  org.springframework.web.servlet.mvc.method.annotation.RequestMappingHandlerAdapter : Looking for @ControllerAdvice: org.springframework.boot.web.servlet.context.AnnotationConfigServletWebServerApplicationContext@6155d082: startup date [Wed Nov 28 14:41:51 CST 2018]; root of context hierarchy
2018-11-28 14:41:54.888 [main] INFO  org.springframework.web.servlet.mvc.method.annotation.RequestMappingHandlerMapping : Mapped "{[/demo/ss]}" onto public void com.key.modules.redis.DDController.test(java.lang.String,java.lang.String)
2018-11-28 14:41:54.889 [main] INFO  org.springframework.web.servlet.mvc.method.annotation.RequestMappingHandlerMapping : Mapped "{[/demo/getDemo/{id}]}" onto public java.lang.String com.key.modules.redis.DDController.getDemo(java.lang.String,java.lang.String)
2018-11-28 14:41:54.889 [main] INFO  org.springframework.web.servlet.mvc.method.annotation.RequestMappingHandlerMapping : Mapped "{[/demo/annotationTest]}" onto public java.lang.String com.key.modules.redis.DDController.annotationTest()
2018-11-28 14:41:54.889 [main] INFO  org.springframework.web.servlet.mvc.method.annotation.RequestMappingHandlerMapping : Mapped "{[/demo/log]}" onto public void com.key.modules.redis.DDController.logTest(javax.servlet.http.HttpServletRequest)
2018-11-28 14:41:54.890 [main] INFO  org.springframework.web.servlet.mvc.method.annotation.RequestMappingHandlerMapping : Mapped "{[/user/add]}" onto public int com.key.modules.sys.controller.UserController.addUser(com.key.modules.sys.model.User)
2018-11-28 14:41:54.890 [main] INFO  org.springframework.web.servlet.mvc.method.annotation.RequestMappingHandlerMapping : Mapped "{[/user/all/{pageNum}/{pageSize}]}" onto public java.lang.Object com.key.modules.sys.controller.UserController.findAllUser(int,int)
2018-11-28 14:41:54.891 [main] INFO  org.springframework.web.servlet.mvc.method.annotation.RequestMappingHandlerMapping : Mapped "{[/userInfo/add]}" onto public int com.key.modules.sys.controller.UserInfoController.addUser(com.key.modules.sys.model.UserInfo)
2018-11-28 14:41:54.891 [main] INFO  org.springframework.web.servlet.mvc.method.annotation.RequestMappingHandlerMapping : Mapped "{[/userInfo/all/{pageNum}/{pageSize}]}" onto public java.lang.Object com.key.modules.sys.controller.UserInfoController.findAllUser(int,int)
2018-11-28 14:41:54.893 [main] INFO  org.springframework.web.servlet.mvc.method.annotation.RequestMappingHandlerMapping : Mapped "{[/error]}" onto public org.springframework.http.ResponseEntity<java.util.Map<java.lang.String, java.lang.Object>> org.springframework.boot.autoconfigure.web.servlet.error.BasicErrorController.error(javax.servlet.http.HttpServletRequest)
2018-11-28 14:41:54.893 [main] INFO  org.springframework.web.servlet.mvc.method.annotation.RequestMappingHandlerMapping : Mapped "{[/error],produces=[text/html]}" onto public org.springframework.web.servlet.ModelAndView org.springframework.boot.autoconfigure.web.servlet.error.BasicErrorController.errorHtml(javax.servlet.http.HttpServletRequest,javax.servlet.http.HttpServletResponse)
2018-11-28 14:41:54.926 [main] INFO  org.springframework.web.servlet.handler.SimpleUrlHandlerMapping : Mapped URL path [/webjars/**] onto handler of type [class org.springframework.web.servlet.resource.ResourceHttpRequestHandler]
2018-11-28 14:41:54.926 [main] INFO  org.springframework.web.servlet.handler.SimpleUrlHandlerMapping : Mapped URL path [/**] onto handler of type [class org.springframework.web.servlet.resource.ResourceHttpRequestHandler]
2018-11-28 14:41:55.435 [main] INFO  org.springframework.jmx.export.annotation.AnnotationMBeanExporter : Registering beans for JMX exposure on startup
2018-11-28 14:41:55.436 [main] INFO  org.springframework.jmx.export.annotation.AnnotationMBeanExporter : Bean with name 'statFilter' has been autodetected for JMX exposure
2018-11-28 14:41:55.436 [main] INFO  org.springframework.jmx.export.annotation.AnnotationMBeanExporter : Bean with name 'slf4jLogFilter' has been autodetected for JMX exposure
2018-11-28 14:41:55.436 [main] INFO  org.springframework.jmx.export.annotation.AnnotationMBeanExporter : Bean with name 'wallConfig' has been autodetected for JMX exposure
2018-11-28 14:41:55.436 [main] INFO  org.springframework.jmx.export.annotation.AnnotationMBeanExporter : Bean with name 'wallFilter' has been autodetected for JMX exposure
2018-11-28 14:41:55.436 [main] INFO  org.springframework.jmx.export.annotation.AnnotationMBeanExporter : Bean with name 'dataSource' has been autodetected for JMX exposure
2018-11-28 14:41:55.441 [main] INFO  org.springframework.jmx.export.annotation.AnnotationMBeanExporter : Located MBean 'slf4jLogFilter': registering with JMX server as MBean [com.alibaba.druid.filter.logging:name=slf4jLogFilter,type=Slf4jLogFilter]
2018-11-28 14:41:55.442 [main] INFO  org.springframework.jmx.export.annotation.AnnotationMBeanExporter : Located MBean 'wallConfig': registering with JMX server as MBean [com.alibaba.druid.wall:name=wallConfig,type=WallConfig]
2018-11-28 14:41:55.443 [main] INFO  org.springframework.jmx.export.annotation.AnnotationMBeanExporter : Located MBean 'wallFilter': registering with JMX server as MBean [com.alibaba.druid.wall:name=wallFilter,type=WallFilter]
2018-11-28 14:41:55.444 [main] INFO  org.springframework.jmx.export.annotation.AnnotationMBeanExporter : Located MBean 'dataSource': registering with JMX server as MBean [com.alibaba.druid.spring.boot.autoconfigure:name=dataSource,type=DruidDataSourceWrapper]
2018-11-28 14:41:55.444 [main] INFO  org.springframework.jmx.export.annotation.AnnotationMBeanExporter : Located MBean 'statFilter': registering with JMX server as MBean [com.alibaba.druid.filter.stat:name=statFilter,type=StatFilter]
2018-11-28 14:41:55.453 [main] INFO  org.apache.coyote.http11.Http11NioProtocol : Starting ProtocolHandler ["http-nio-127.0.0.1-8080"]
2018-11-28 14:41:55.462 [main] INFO  org.apache.tomcat.util.net.NioSelectorPool : Using a shared selector for servlet write/read
2018-11-28 14:41:55.476 [main] INFO  org.springframework.boot.web.embedded.tomcat.TomcatWebServer : Tomcat started on port(s): 8080 (http) with context path '/key'
2018-11-28 14:41:55.479 [main] INFO  com.key.DistributeredisApplication : Started DistributeredisApplication in 4.513 seconds (JVM running for 5.314)
2018-11-28 14:47:43.087 [main] INFO  com.key.DistributeredisApplication : Starting DistributeredisApplication on PC-HZ20096620 with PID 22032 (D:\project\localproject\distributeredis\target\classes started by tujia in D:\project\localproject\pgsqldemo)
2018-11-28 14:47:43.094 [main] INFO  com.key.DistributeredisApplication : The following profiles are active: dev
2018-11-28 14:47:43.160 [main] INFO  org.springframework.boot.web.servlet.context.AnnotationConfigServletWebServerApplicationContext : Refreshing org.springframework.boot.web.servlet.context.AnnotationConfigServletWebServerApplicationContext@6b8d96d9: startup date [Wed Nov 28 14:47:43 CST 2018]; root of context hierarchy
2018-11-28 14:47:43.905 [main] INFO  org.springframework.data.repository.config.RepositoryConfigurationDelegate : Multiple Spring Data modules found, entering strict repository configuration mode!
2018-11-28 14:47:44.292 [main] INFO  org.springframework.context.support.PostProcessorRegistrationDelegate$BeanPostProcessorChecker : Bean 'org.springframework.transaction.annotation.ProxyTransactionManagementConfiguration' of type [org.springframework.transaction.annotation.ProxyTransactionManagementConfiguration$$EnhancerBySpringCGLIB$$4b1bc8e9] is not eligible for getting processed by all BeanPostProcessors (for example: not eligible for auto-proxying)
2018-11-28 14:47:44.737 [main] INFO  org.springframework.boot.web.embedded.tomcat.TomcatWebServer : Tomcat initialized with port(s): 8080 (http)
2018-11-28 14:47:44.747 [main] INFO  org.apache.coyote.http11.Http11NioProtocol : Initializing ProtocolHandler ["http-nio-127.0.0.1-8080"]
2018-11-28 14:47:44.756 [main] INFO  org.apache.catalina.core.StandardService : Starting service [Tomcat]
2018-11-28 14:47:44.756 [main] INFO  org.apache.catalina.core.StandardEngine : Starting Servlet Engine: Apache Tomcat/8.5.32
2018-11-28 14:47:44.760 [localhost-startStop-1] INFO  org.apache.catalina.core.AprLifecycleListener : The APR based Apache Tomcat Native library which allows optimal performance in production environments was not found on the java.library.path: [D:\software\Java\jdk1.8.0\bin;C:\Windows\Sun\Java\bin;C:\Windows\system32;C:\Windows;D:\software\python27;D:\software\Python27\Scripts;C:\Windows\system32;C:\Windows;C:\Windows\System32\Wbem;C:\Windows\System32\WindowsPowerShell\v1.0\;D:\software\TortoiseSVN\bin;D:\software\apache-maven-3.1.1\bin;D:\software\Java\jdk1.7.0_80\bin;D:\software\Java\jdk1.7.0_80\jre\bin;%TOMCAT_HOME%\bin;D:\software\mysql-5.6.29\bin;D:\software\Redis\;D:\software\Git\cmd;D:\software\protoc\bin;D:\software\PostgreSQL\pg96\bin;.]
2018-11-28 14:47:44.930 [localhost-startStop-1] INFO  org.apache.catalina.core.ContainerBase.[Tomcat].[localhost].[/key] : Initializing Spring embedded WebApplicationContext
2018-11-28 14:47:44.930 [localhost-startStop-1] INFO  org.springframework.web.context.ContextLoader : Root WebApplicationContext: initialization completed in 1770 ms
2018-11-28 14:47:45.041 [localhost-startStop-1] INFO  org.springframework.boot.web.servlet.ServletRegistrationBean : Servlet dispatcherServlet mapped to [/]
2018-11-28 14:47:45.042 [localhost-startStop-1] INFO  org.springframework.boot.web.servlet.ServletRegistrationBean : Servlet statViewServlet mapped to [/druid/*]
2018-11-28 14:47:45.045 [localhost-startStop-1] INFO  org.springframework.boot.web.servlet.FilterRegistrationBean : Mapping filter: 'characterEncodingFilter' to: [/*]
2018-11-28 14:47:45.045 [localhost-startStop-1] INFO  org.springframework.boot.web.servlet.FilterRegistrationBean : Mapping filter: 'hiddenHttpMethodFilter' to: [/*]
2018-11-28 14:47:45.045 [localhost-startStop-1] INFO  org.springframework.boot.web.servlet.FilterRegistrationBean : Mapping filter: 'httpPutFormContentFilter' to: [/*]
2018-11-28 14:47:45.045 [localhost-startStop-1] INFO  org.springframework.boot.web.servlet.FilterRegistrationBean : Mapping filter: 'requestContextFilter' to: [/*]
2018-11-28 14:47:45.045 [localhost-startStop-1] INFO  org.springframework.boot.web.servlet.FilterRegistrationBean : Mapping filter: 'webStatFilter' to urls: [/*]
2018-11-28 14:47:45.389 [main] INFO  com.alibaba.druid.spring.boot.autoconfigure.DruidDataSourceAutoConfigure : Init DruidDataSource
2018-11-28 14:47:45.808 [main] INFO  com.alibaba.druid.pool.DruidDataSource : {dataSource-1} inited
2018-11-28 14:47:46.170 [main] INFO  org.springframework.web.servlet.handler.SimpleUrlHandlerMapping : Mapped URL path [/**/favicon.ico] onto handler of type [class org.springframework.web.servlet.resource.ResourceHttpRequestHandler]
2018-11-28 14:47:46.426 [main] INFO  org.springframework.web.servlet.mvc.method.annotation.RequestMappingHandlerAdapter : Looking for @ControllerAdvice: org.springframework.boot.web.servlet.context.AnnotationConfigServletWebServerApplicationContext@6b8d96d9: startup date [Wed Nov 28 14:47:43 CST 2018]; root of context hierarchy
2018-11-28 14:47:46.510 [main] INFO  org.springframework.web.servlet.mvc.method.annotation.RequestMappingHandlerMapping : Mapped "{[/demo/ss]}" onto public void com.key.modules.redis.DDController.test(java.lang.String,java.lang.String)
2018-11-28 14:47:46.511 [main] INFO  org.springframework.web.servlet.mvc.method.annotation.RequestMappingHandlerMapping : Mapped "{[/demo/getDemo/{id}]}" onto public java.lang.String com.key.modules.redis.DDController.getDemo(java.lang.String,java.lang.String)
2018-11-28 14:47:46.511 [main] INFO  org.springframework.web.servlet.mvc.method.annotation.RequestMappingHandlerMapping : Mapped "{[/demo/annotationTest]}" onto public java.lang.String com.key.modules.redis.DDController.annotationTest()
2018-11-28 14:47:46.512 [main] INFO  org.springframework.web.servlet.mvc.method.annotation.RequestMappingHandlerMapping : Mapped "{[/demo/log]}" onto public void com.key.modules.redis.DDController.logTest(javax.servlet.http.HttpServletRequest)
2018-11-28 14:47:46.512 [main] INFO  org.springframework.web.servlet.mvc.method.annotation.RequestMappingHandlerMapping : Mapped "{[/user/add]}" onto public int com.key.modules.sys.controller.UserController.addUser(com.key.modules.sys.model.User)
2018-11-28 14:47:46.512 [main] INFO  org.springframework.web.servlet.mvc.method.annotation.RequestMappingHandlerMapping : Mapped "{[/user/all/{pageNum}/{pageSize}]}" onto public java.lang.Object com.key.modules.sys.controller.UserController.findAllUser(int,int)
2018-11-28 14:47:46.513 [main] INFO  org.springframework.web.servlet.mvc.method.annotation.RequestMappingHandlerMapping : Mapped "{[/userInfo/add]}" onto public int com.key.modules.sys.controller.UserInfoController.addUser(com.key.modules.sys.model.UserInfo)
2018-11-28 14:47:46.513 [main] INFO  org.springframework.web.servlet.mvc.method.annotation.RequestMappingHandlerMapping : Mapped "{[/userInfo/all/{pageNum}/{pageSize}]}" onto public java.lang.Object com.key.modules.sys.controller.UserInfoController.findAllUser(int,int)
2018-11-28 14:47:46.516 [main] INFO  org.springframework.web.servlet.mvc.method.annotation.RequestMappingHandlerMapping : Mapped "{[/error]}" onto public org.springframework.http.ResponseEntity<java.util.Map<java.lang.String, java.lang.Object>> org.springframework.boot.autoconfigure.web.servlet.error.BasicErrorController.error(javax.servlet.http.HttpServletRequest)
2018-11-28 14:47:46.517 [main] INFO  org.springframework.web.servlet.mvc.method.annotation.RequestMappingHandlerMapping : Mapped "{[/error],produces=[text/html]}" onto public org.springframework.web.servlet.ModelAndView org.springframework.boot.autoconfigure.web.servlet.error.BasicErrorController.errorHtml(javax.servlet.http.HttpServletRequest,javax.servlet.http.HttpServletResponse)
2018-11-28 14:47:46.546 [main] INFO  org.springframework.web.servlet.handler.SimpleUrlHandlerMapping : Mapped URL path [/webjars/**] onto handler of type [class org.springframework.web.servlet.resource.ResourceHttpRequestHandler]
2018-11-28 14:47:46.547 [main] INFO  org.springframework.web.servlet.handler.SimpleUrlHandlerMapping : Mapped URL path [/**] onto handler of type [class org.springframework.web.servlet.resource.ResourceHttpRequestHandler]
2018-11-28 14:47:47.117 [main] INFO  org.springframework.jmx.export.annotation.AnnotationMBeanExporter : Registering beans for JMX exposure on startup
2018-11-28 14:47:47.119 [main] INFO  org.springframework.jmx.export.annotation.AnnotationMBeanExporter : Bean with name 'statFilter' has been autodetected for JMX exposure
2018-11-28 14:47:47.119 [main] INFO  org.springframework.jmx.export.annotation.AnnotationMBeanExporter : Bean with name 'slf4jLogFilter' has been autodetected for JMX exposure
2018-11-28 14:47:47.119 [main] INFO  org.springframework.jmx.export.annotation.AnnotationMBeanExporter : Bean with name 'wallConfig' has been autodetected for JMX exposure
2018-11-28 14:47:47.119 [main] INFO  org.springframework.jmx.export.annotation.AnnotationMBeanExporter : Bean with name 'wallFilter' has been autodetected for JMX exposure
2018-11-28 14:47:47.119 [main] INFO  org.springframework.jmx.export.annotation.AnnotationMBeanExporter : Bean with name 'dataSource' has been autodetected for JMX exposure
2018-11-28 14:47:47.126 [main] INFO  org.springframework.jmx.export.annotation.AnnotationMBeanExporter : Located MBean 'slf4jLogFilter': registering with JMX server as MBean [com.alibaba.druid.filter.logging:name=slf4jLogFilter,type=Slf4jLogFilter]
2018-11-28 14:47:47.127 [main] INFO  org.springframework.jmx.export.annotation.AnnotationMBeanExporter : Located MBean 'wallConfig': registering with JMX server as MBean [com.alibaba.druid.wall:name=wallConfig,type=WallConfig]
2018-11-28 14:47:47.129 [main] INFO  org.springframework.jmx.export.annotation.AnnotationMBeanExporter : Located MBean 'wallFilter': registering with JMX server as MBean [com.alibaba.druid.wall:name=wallFilter,type=WallFilter]
2018-11-28 14:47:47.130 [main] INFO  org.springframework.jmx.export.annotation.AnnotationMBeanExporter : Located MBean 'dataSource': registering with JMX server as MBean [com.alibaba.druid.spring.boot.autoconfigure:name=dataSource,type=DruidDataSourceWrapper]
2018-11-28 14:47:47.131 [main] INFO  org.springframework.jmx.export.annotation.AnnotationMBeanExporter : Located MBean 'statFilter': registering with JMX server as MBean [com.alibaba.druid.filter.stat:name=statFilter,type=StatFilter]
2018-11-28 14:47:47.143 [main] INFO  org.apache.coyote.http11.Http11NioProtocol : Starting ProtocolHandler ["http-nio-127.0.0.1-8080"]
2018-11-28 14:47:47.152 [main] INFO  org.apache.tomcat.util.net.NioSelectorPool : Using a shared selector for servlet write/read
2018-11-28 14:47:47.166 [main] INFO  org.springframework.boot.web.embedded.tomcat.TomcatWebServer : Tomcat started on port(s): 8080 (http) with context path '/key'
2018-11-28 14:47:47.169 [main] INFO  com.key.DistributeredisApplication : Started DistributeredisApplication in 4.63 seconds (JVM running for 5.69)
2018-11-28 14:48:10.617 [http-nio-127.0.0.1-8080-exec-1] INFO  org.apache.catalina.core.ContainerBase.[Tomcat].[localhost].[/key] : Initializing Spring FrameworkServlet 'dispatcherServlet'
2018-11-28 14:48:10.618 [http-nio-127.0.0.1-8080-exec-1] INFO  org.springframework.web.servlet.DispatcherServlet : FrameworkServlet 'dispatcherServlet': initialization started
2018-11-28 14:48:10.652 [http-nio-127.0.0.1-8080-exec-1] INFO  org.springframework.web.servlet.DispatcherServlet : FrameworkServlet 'dispatcherServlet': initialization completed in 34 ms
2018-11-28 14:48:57.499 [main] INFO  com.key.DistributeredisApplication : Starting DistributeredisApplication on PC-HZ20096620 with PID 16916 (D:\project\localproject\distributeredis\target\classes started by tujia in D:\project\localproject\pgsqldemo)
2018-11-28 14:48:57.503 [main] INFO  com.key.DistributeredisApplication : The following profiles are active: dev
2018-11-28 14:48:57.560 [main] INFO  org.springframework.boot.web.servlet.context.AnnotationConfigServletWebServerApplicationContext : Refreshing org.springframework.boot.web.servlet.context.AnnotationConfigServletWebServerApplicationContext@25aca718: startup date [Wed Nov 28 14:48:57 CST 2018]; root of context hierarchy
2018-11-28 14:48:58.411 [main] INFO  org.springframework.data.repository.config.RepositoryConfigurationDelegate : Multiple Spring Data modules found, entering strict repository configuration mode!
2018-11-28 14:48:58.888 [main] INFO  org.springframework.context.support.PostProcessorRegistrationDelegate$BeanPostProcessorChecker : Bean 'org.springframework.transaction.annotation.ProxyTransactionManagementConfiguration' of type [org.springframework.transaction.annotation.ProxyTransactionManagementConfiguration$$EnhancerBySpringCGLIB$$9891cb3d] is not eligible for getting processed by all BeanPostProcessors (for example: not eligible for auto-proxying)
2018-11-28 14:48:59.346 [main] INFO  org.springframework.boot.web.embedded.tomcat.TomcatWebServer : Tomcat initialized with port(s): 8080 (http)
2018-11-28 14:48:59.356 [main] INFO  org.apache.coyote.http11.Http11NioProtocol : Initializing ProtocolHandler ["http-nio-127.0.0.1-8080"]
2018-11-28 14:48:59.365 [main] INFO  org.apache.catalina.core.StandardService : Starting service [Tomcat]
2018-11-28 14:48:59.366 [main] INFO  org.apache.catalina.core.StandardEngine : Starting Servlet Engine: Apache Tomcat/8.5.32
2018-11-28 14:48:59.370 [localhost-startStop-1] INFO  org.apache.catalina.core.AprLifecycleListener : The APR based Apache Tomcat Native library which allows optimal performance in production environments was not found on the java.library.path: [D:\software\Java\jdk1.8.0\bin;C:\Windows\Sun\Java\bin;C:\Windows\system32;C:\Windows;D:\software\python27;D:\software\Python27\Scripts;C:\Windows\system32;C:\Windows;C:\Windows\System32\Wbem;C:\Windows\System32\WindowsPowerShell\v1.0\;D:\software\TortoiseSVN\bin;D:\software\apache-maven-3.1.1\bin;D:\software\Java\jdk1.7.0_80\bin;D:\software\Java\jdk1.7.0_80\jre\bin;%TOMCAT_HOME%\bin;D:\software\mysql-5.6.29\bin;D:\software\Redis\;D:\software\Git\cmd;D:\software\protoc\bin;D:\software\PostgreSQL\pg96\bin;.]
2018-11-28 14:48:59.503 [localhost-startStop-1] INFO  org.apache.catalina.core.ContainerBase.[Tomcat].[localhost].[/key] : Initializing Spring embedded WebApplicationContext
2018-11-28 14:48:59.503 [localhost-startStop-1] INFO  org.springframework.web.context.ContextLoader : Root WebApplicationContext: initialization completed in 1943 ms
2018-11-28 14:48:59.611 [localhost-startStop-1] INFO  org.springframework.boot.web.servlet.ServletRegistrationBean : Servlet dispatcherServlet mapped to [/]
2018-11-28 14:48:59.612 [localhost-startStop-1] INFO  org.springframework.boot.web.servlet.ServletRegistrationBean : Servlet statViewServlet mapped to [/druid/*]
2018-11-28 14:48:59.615 [localhost-startStop-1] INFO  org.springframework.boot.web.servlet.FilterRegistrationBean : Mapping filter: 'characterEncodingFilter' to: [/*]
2018-11-28 14:48:59.616 [localhost-startStop-1] INFO  org.springframework.boot.web.servlet.FilterRegistrationBean : Mapping filter: 'hiddenHttpMethodFilter' to: [/*]
2018-11-28 14:48:59.616 [localhost-startStop-1] INFO  org.springframework.boot.web.servlet.FilterRegistrationBean : Mapping filter: 'httpPutFormContentFilter' to: [/*]
2018-11-28 14:48:59.616 [localhost-startStop-1] INFO  org.springframework.boot.web.servlet.FilterRegistrationBean : Mapping filter: 'requestContextFilter' to: [/*]
2018-11-28 14:48:59.616 [localhost-startStop-1] INFO  org.springframework.boot.web.servlet.FilterRegistrationBean : Mapping filter: 'webStatFilter' to urls: [/*]
2018-11-28 14:48:59.995 [main] INFO  com.alibaba.druid.spring.boot.autoconfigure.DruidDataSourceAutoConfigure : Init DruidDataSource
2018-11-28 14:49:00.417 [main] INFO  com.alibaba.druid.pool.DruidDataSource : {dataSource-1} inited
2018-11-28 14:49:00.775 [main] INFO  org.springframework.web.servlet.handler.SimpleUrlHandlerMapping : Mapped URL path [/**/favicon.ico] onto handler of type [class org.springframework.web.servlet.resource.ResourceHttpRequestHandler]
2018-11-28 14:49:01.036 [main] INFO  org.springframework.web.servlet.mvc.method.annotation.RequestMappingHandlerAdapter : Looking for @ControllerAdvice: org.springframework.boot.web.servlet.context.AnnotationConfigServletWebServerApplicationContext@25aca718: startup date [Wed Nov 28 14:48:57 CST 2018]; root of context hierarchy
2018-11-28 14:49:01.091 [main] INFO  org.springframework.web.servlet.mvc.method.annotation.RequestMappingHandlerMapping : Mapped "{[/demo/ss]}" onto public void com.key.modules.redis.DDController.test(java.lang.String,java.lang.String)
2018-11-28 14:49:01.092 [main] INFO  org.springframework.web.servlet.mvc.method.annotation.RequestMappingHandlerMapping : Mapped "{[/demo/getDemo/{id}]}" onto public java.lang.String com.key.modules.redis.DDController.getDemo(java.lang.String,java.lang.String)
2018-11-28 14:49:01.092 [main] INFO  org.springframework.web.servlet.mvc.method.annotation.RequestMappingHandlerMapping : Mapped "{[/demo/annotationTest]}" onto public java.lang.String com.key.modules.redis.DDController.annotationTest()
2018-11-28 14:49:01.092 [main] INFO  org.springframework.web.servlet.mvc.method.annotation.RequestMappingHandlerMapping : Mapped "{[/demo/log]}" onto public void com.key.modules.redis.DDController.logTest(javax.servlet.http.HttpServletRequest)
2018-11-28 14:49:01.093 [main] INFO  org.springframework.web.servlet.mvc.method.annotation.RequestMappingHandlerMapping : Mapped "{[/user/add]}" onto public int com.key.modules.sys.controller.UserController.addUser(com.key.modules.sys.model.User)
2018-11-28 14:49:01.093 [main] INFO  org.springframework.web.servlet.mvc.method.annotation.RequestMappingHandlerMapping : Mapped "{[/user/all/{pageNum}/{pageSize}]}" onto public java.lang.Object com.key.modules.sys.controller.UserController.findAllUser(int,int)
2018-11-28 14:49:01.094 [main] INFO  org.springframework.web.servlet.mvc.method.annotation.RequestMappingHandlerMapping : Mapped "{[/userInfo/add]}" onto public int com.key.modules.sys.controller.UserInfoController.addUser(com.key.modules.sys.model.UserInfo)
2018-11-28 14:49:01.094 [main] INFO  org.springframework.web.servlet.mvc.method.annotation.RequestMappingHandlerMapping : Mapped "{[/userInfo/all/{pageNum}/{pageSize}]}" onto public java.lang.Object com.key.modules.sys.controller.UserInfoController.findAllUser(int,int)
2018-11-28 14:49:01.097 [main] INFO  org.springframework.web.servlet.mvc.method.annotation.RequestMappingHandlerMapping : Mapped "{[/error]}" onto public org.springframework.http.ResponseEntity<java.util.Map<java.lang.String, java.lang.Object>> org.springframework.boot.autoconfigure.web.servlet.error.BasicErrorController.error(javax.servlet.http.HttpServletRequest)
2018-11-28 14:49:01.098 [main] INFO  org.springframework.web.servlet.mvc.method.annotation.RequestMappingHandlerMapping : Mapped "{[/error],produces=[text/html]}" onto public org.springframework.web.servlet.ModelAndView org.springframework.boot.autoconfigure.web.servlet.error.BasicErrorController.errorHtml(javax.servlet.http.HttpServletRequest,javax.servlet.http.HttpServletResponse)
2018-11-28 14:49:01.127 [main] INFO  org.springframework.web.servlet.handler.SimpleUrlHandlerMapping : Mapped URL path [/webjars/**] onto handler of type [class org.springframework.web.servlet.resource.ResourceHttpRequestHandler]
2018-11-28 14:49:01.127 [main] INFO  org.springframework.web.servlet.handler.SimpleUrlHandlerMapping : Mapped URL path [/**] onto handler of type [class org.springframework.web.servlet.resource.ResourceHttpRequestHandler]
2018-11-28 14:49:01.611 [main] INFO  org.springframework.jmx.export.annotation.AnnotationMBeanExporter : Registering beans for JMX exposure on startup
2018-11-28 14:49:01.612 [main] INFO  org.springframework.jmx.export.annotation.AnnotationMBeanExporter : Bean with name 'statFilter' has been autodetected for JMX exposure
2018-11-28 14:49:01.612 [main] INFO  org.springframework.jmx.export.annotation.AnnotationMBeanExporter : Bean with name 'slf4jLogFilter' has been autodetected for JMX exposure
2018-11-28 14:49:01.612 [main] INFO  org.springframework.jmx.export.annotation.AnnotationMBeanExporter : Bean with name 'wallConfig' has been autodetected for JMX exposure
2018-11-28 14:49:01.612 [main] INFO  org.springframework.jmx.export.annotation.AnnotationMBeanExporter : Bean with name 'wallFilter' has been autodetected for JMX exposure
2018-11-28 14:49:01.612 [main] INFO  org.springframework.jmx.export.annotation.AnnotationMBeanExporter : Bean with name 'dataSource' has been autodetected for JMX exposure
2018-11-28 14:49:01.617 [main] INFO  org.springframework.jmx.export.annotation.AnnotationMBeanExporter : Located MBean 'slf4jLogFilter': registering with JMX server as MBean [com.alibaba.druid.filter.logging:name=slf4jLogFilter,type=Slf4jLogFilter]
2018-11-28 14:49:01.618 [main] INFO  org.springframework.jmx.export.annotation.AnnotationMBeanExporter : Located MBean 'wallConfig': registering with JMX server as MBean [com.alibaba.druid.wall:name=wallConfig,type=WallConfig]
2018-11-28 14:49:01.619 [main] INFO  org.springframework.jmx.export.annotation.AnnotationMBeanExporter : Located MBean 'wallFilter': registering with JMX server as MBean [com.alibaba.druid.wall:name=wallFilter,type=WallFilter]
2018-11-28 14:49:01.620 [main] INFO  org.springframework.jmx.export.annotation.AnnotationMBeanExporter : Located MBean 'dataSource': registering with JMX server as MBean [com.alibaba.druid.spring.boot.autoconfigure:name=dataSource,type=DruidDataSourceWrapper]
2018-11-28 14:49:01.620 [main] INFO  org.springframework.jmx.export.annotation.AnnotationMBeanExporter : Located MBean 'statFilter': registering with JMX server as MBean [com.alibaba.druid.filter.stat:name=statFilter,type=StatFilter]
2018-11-28 14:49:01.630 [main] INFO  org.apache.coyote.http11.Http11NioProtocol : Starting ProtocolHandler ["http-nio-127.0.0.1-8080"]
2018-11-28 14:49:01.638 [main] INFO  org.apache.tomcat.util.net.NioSelectorPool : Using a shared selector for servlet write/read
2018-11-28 14:49:01.652 [main] INFO  org.springframework.boot.web.embedded.tomcat.TomcatWebServer : Tomcat started on port(s): 8080 (http) with context path '/key'
2018-11-28 14:49:01.656 [main] INFO  com.key.DistributeredisApplication : Started DistributeredisApplication in 4.729 seconds (JVM running for 5.55)
2018-11-28 14:49:05.564 [http-nio-127.0.0.1-8080-exec-1] INFO  org.apache.catalina.core.ContainerBase.[Tomcat].[localhost].[/key] : Initializing Spring FrameworkServlet 'dispatcherServlet'
2018-11-28 14:49:05.565 [http-nio-127.0.0.1-8080-exec-1] INFO  org.springframework.web.servlet.DispatcherServlet : FrameworkServlet 'dispatcherServlet': initialization started
2018-11-28 14:49:05.588 [http-nio-127.0.0.1-8080-exec-1] INFO  org.springframework.web.servlet.DispatcherServlet : FrameworkServlet 'dispatcherServlet': initialization completed in 23 ms
